<?xml version="1.0" encoding="UTF-8" ?>
<testsuites errors="0"
            failures="0"
            tests="5">

  <testsuite name="spqa_env.verticals.energy.a_person_accountAndopportunity_tests.sp_650_global_search.ac4_display_empty_results_page"
    errors="0" failures="0" hostname="" id="" package="sp_650_global_search" skipped="0"
    tests="5" time="90.54" timestamp="">
  
    <testcase name="Login Bat Credentials" classname="spqa_env.verticals.energy.a_person_accountAndopportunity_tests.sp_650_global_search.ac4_display_empty_results_page" time="56.88" assertions="0">
    </testcase>
  
    <testcase name="Log in as Energy Consultant QA" classname="spqa_env.verticals.energy.a_person_accountAndopportunity_tests.sp_650_global_search.ac4_display_empty_results_page" time="12.15" assertions="0">
    </testcase>
  
    <testcase name="GIVEN I have talked to the client" classname="spqa_env.verticals.energy.a_person_accountAndopportunity_tests.sp_650_global_search.ac4_display_empty_results_page" time="0.000" assertions="0">
    </testcase>
  
    <testcase name="WHEN I enter the Last Name in Global Search Bar AND hit enter" classname="spqa_env.verticals.energy.a_person_accountAndopportunity_tests.sp_650_global_search.ac4_display_empty_results_page" time="6.122" assertions="1">

    
    </testcase>
  
    <testcase name="THEN an empty result page is displayed" classname="spqa_env.verticals.energy.a_person_accountAndopportunity_tests.sp_650_global_search.ac4_display_empty_results_page" time="15.38" assertions="1">

    
    </testcase>
  

  

  
  </testsuite>
</testsuites>
