<?xml version="1.0" encoding="UTF-8" ?>
<testsuites errors="0"
            failures="2"
            tests="5">

  <testsuite name="bat_env.verticals.energy.a_person_accountAndopportunity_tests.sp_650_global_search.ac3_display_search_results_page"
    errors="0" failures="2" hostname="" id="" package="sp_650_global_search" skipped="0"
    tests="5" time="59.93" timestamp="">
  
    <testcase name="Login Bat Credentials" classname="bat_env.verticals.energy.a_person_accountAndopportunity_tests.sp_650_global_search.ac3_display_search_results_page" time="37.47" assertions="0">
    </testcase>
  
    <testcase name="Log in as Energy Consultant QA" classname="bat_env.verticals.energy.a_person_accountAndopportunity_tests.sp_650_global_search.ac3_display_search_results_page" time="12.01" assertions="0">
    </testcase>
  
    <testcase name="GIVEN I have talked to the client" classname="bat_env.verticals.energy.a_person_accountAndopportunity_tests.sp_650_global_search.ac3_display_search_results_page" time="0.000" assertions="0">
    </testcase>
  
    <testcase name="WHEN I enter the Last Name in Global Search Bar AND hit enter" classname="bat_env.verticals.energy.a_person_accountAndopportunity_tests.sp_650_global_search.ac3_display_search_results_page" time="5.602" assertions="1">

    
    </testcase>
  
    <testcase name="THEN the search result page is displayed and will return matches from any of the primary objects" classname="bat_env.verticals.energy.a_person_accountAndopportunity_tests.sp_650_global_search.ac3_display_search_results_page" time="4.847" assertions="3">

      <failure message="The searched Item is Displayed on a Tab?  in 1000 ms. - expected [0;32m&#34;Test0 - Search&#34;[0m but got: [0;31m&#34;Test - Search&#34;[0m">    at Object.THEN the search result page is displayed and will return matches from any of the primary objects (C:\NightWatchSelenium\nightwatch_e2e_salesforce_tests\tests\bat_env\verticals\energy\a_person_accountAndopportunity_tests\sp_650_global_search\ac3_display_search_results_page.js:68:25)</failure>

      <failure message="Verify Primary Objects are returned in 1000 ms. - expected [0;32m&#34;present&#34;[0m but got: [0;31m&#34;not present&#34;[0m">    at Object.THEN the search result page is displayed and will return matches from any of the primary objects (C:\NightWatchSelenium\nightwatch_e2e_salesforce_tests\tests\bat_env\verticals\energy\a_person_accountAndopportunity_tests\sp_650_global_search\ac3_display_search_results_page.js:69:25)</failure>

    
    </testcase>
  

  

  
  </testsuite>
</testsuites>
